Using pre-set license
Built from '2020.3/staging' branch; Version is '2020.3.10f1 (297d780c91bc) revision 2719096'; Using compiler version '192528614'; Build Type 'Release'
OS: 'Windows 10 Pro; OS build 19042.1165; Version 2009; 64bit' Language: 'ru' Physical Memory: 8190 MB
BatchMode: 1, IsHumanControllingUs: 0, StartBugReporterOnCrash: 0, Is64bit: 1, IsPro: 0

 COMMAND LINE ARGUMENTS:
E:\UNITYEDITORS\2020.3.10f1\Editor\Unity.exe
-adb2
-batchMode
-noUpm
-name
AssetImportWorker0
-projectPath
D:/Unity Projects/Project-Desing-Template
-logFile
Logs/AssetImportWorker0.log
-srvPort
56528
Successfully changed project path to: D:/Unity Projects/Project-Desing-Template
D:/Unity Projects/Project-Desing-Template
Using Asset Import Pipeline V2.
Refreshing native plugins compatible for Editor in 84.91 ms, found 2 plugins.
Preloading 0 native plugins for Editor in 0.00 ms.
Initialize engine version: 2020.3.10f1 (297d780c91bc)
[Subsystems] Discovering subsystems at path E:/UNITYEDITORS/2020.3.10f1/Editor/Data/Resources/UnitySubsystems
[Subsystems] Discovering subsystems at path D:/Unity Projects/Project-Desing-Template/Assets
GfxDevice: creating device client; threaded=0
Direct3D:
    Version:  Direct3D 11.0 [level 11.0]
    Renderer: AMD Radeon HD 6700 Series (ID=0x68ba)
    Vendor:   
    VRAM:     1010 MB
    Driver:   15.201.1151.1008
Initialize mono
Mono path[0] = 'E:/UNITYEDITORS/2020.3.10f1/Editor/Data/Managed'
Mono path[1] = 'E:/UNITYEDITORS/2020.3.10f1/Editor/Data/MonoBleedingEdge/lib/mono/unityjit'
Mono config path = 'E:/UNITYEDITORS/2020.3.10f1/Editor/Data/MonoBleedingEdge/etc'
Using monoOptions --debugger-agent=transport=dt_socket,embedding=1,server=y,suspend=n,address=127.0.0.1:56116
Begin MonoManager ReloadAssembly
Registering precompiled unity dll's ...
Register platform support module: E:/UNITYEDITORS/2020.3.10f1/Editor/Data/PlaybackEngines/WindowsStandaloneSupport/UnityEditor.WindowsStandalone.Extensions.dll
Registered in 0.003012 seconds.
Native extension for WindowsStandalone target not found
Refreshing native plugins compatible for Editor in 75.76 ms, found 2 plugins.
Preloading 0 native plugins for Editor in 0.00 ms.
Mono: successfully reloaded assembly
- Completed reload, in  4.061 seconds
Platform modules already initialized, skipping
Registering precompiled user dll's ...
Registered in 0.005792 seconds.
Begin MonoManager ReloadAssembly
Native extension for WindowsStandalone target not found
Refreshing native plugins compatible for Editor in 0.77 ms, found 2 plugins.
Preloading 0 native plugins for Editor in 0.00 ms.
Mono: successfully reloaded assembly
- Completed reload, in  2.601 seconds
Platform modules already initialized, skipping
========================================================================
Worker process is ready to serve import requests
Launched and connected shader compiler UnityShaderCompiler.exe after 0.09 seconds
Refreshing native plugins compatible for Editor in 0.70 ms, found 2 plugins.
Preloading 0 native plugins for Editor in 0.00 ms.
Unloading 1507 Unused Serialized files (Serialized files now loaded: 0)
System memory in use before: 95.9 MB.
System memory in use after: 96.0 MB.

Unloading 21 unused Assets to reduce memory usage. Loaded Objects now: 1941.
Total: 4.993900 ms (FindLiveObjects: 0.500400 ms CreateObjectMapping: 0.099500 ms MarkObjects: 4.097300 ms  DeleteObjects: 0.292100 ms)

========================================================================
Received Import Request.
  path: Assets/Resources/GameDataCube.asset
  artifactKey: Guid(187211f323d2a2f46b6f5830c4dd0518) Importer(815301076,1909f56bfc062723c751e8b465ee728b)
Start importing Assets/Resources/GameDataCube.asset using Guid(187211f323d2a2f46b6f5830c4dd0518) Importer(815301076,1909f56bfc062723c751e8b465ee728b)  -> (artifact id: '5f934f324e1e54db201f4b0431dc1836') in 0.439178 seconds
  Import took 0.463822 seconds .

========================================================================
Received Import Request.
  Time since last request: 165.843875 seconds.
  path: Assets/Scripts/Template/Scriptable/SavesDataObject.cs
  artifactKey: Guid(6dd8f8dd7c81762428c08189eb3068a3) Importer(815301076,1909f56bfc062723c751e8b465ee728b)
Start importing Assets/Scripts/Template/Scriptable/SavesDataObject.cs using Guid(6dd8f8dd7c81762428c08189eb3068a3) Importer(815301076,1909f56bfc062723c751e8b465ee728b)  -> (artifact id: 'cf48e1f079ab63a84eac8184a2e5844c') in 0.010503 seconds
  Import took 0.015662 seconds .

========================================================================
Received Import Request.
  Time since last request: 55.649915 seconds.
  path: Assets/Scripts/Template/Scriptable/SavesDataObject.cs
  artifactKey: Guid(6dd8f8dd7c81762428c08189eb3068a3) Importer(815301076,1909f56bfc062723c751e8b465ee728b)
Start importing Assets/Scripts/Template/Scriptable/SavesDataObject.cs using Guid(6dd8f8dd7c81762428c08189eb3068a3) Importer(815301076,1909f56bfc062723c751e8b465ee728b)  -> (artifact id: 'dd655610482c1ca300ec76ce50d635ed') in 0.065739 seconds
  Import took 0.299806 seconds .

========================================================================
Received Import Request.
  Time since last request: 5.527282 seconds.
  path: Assets/Scripts/Template/Scriptable/SavesDataObject.cs
  artifactKey: Guid(6dd8f8dd7c81762428c08189eb3068a3) Importer(815301076,1909f56bfc062723c751e8b465ee728b)
Start importing Assets/Scripts/Template/Scriptable/SavesDataObject.cs using Guid(6dd8f8dd7c81762428c08189eb3068a3) Importer(815301076,1909f56bfc062723c751e8b465ee728b)  -> (artifact id: '9891c4cb0cb65a9fca98a1e8d7ea1482') in 0.031037 seconds
  Import took 0.055725 seconds .

========================================================================
Received Import Request.
  Time since last request: 110.749383 seconds.
  path: Assets/Scripts/Template/Scriptable/SavesDataObject.cs
  artifactKey: Guid(6dd8f8dd7c81762428c08189eb3068a3) Importer(815301076,1909f56bfc062723c751e8b465ee728b)
Start importing Assets/Scripts/Template/Scriptable/SavesDataObject.cs using Guid(6dd8f8dd7c81762428c08189eb3068a3) Importer(815301076,1909f56bfc062723c751e8b465ee728b)  -> (artifact id: 'e41e88f947ac30ed1d41617f6236f0e9') in 0.006901 seconds
  Import took 0.051509 seconds .

========================================================================
Received Import Request.
  Time since last request: 27.608755 seconds.
  path: Assets/Scripts/Template/Scriptable/SavesDataObject.cs
  artifactKey: Guid(6dd8f8dd7c81762428c08189eb3068a3) Importer(815301076,1909f56bfc062723c751e8b465ee728b)
Start importing Assets/Scripts/Template/Scriptable/SavesDataObject.cs using Guid(6dd8f8dd7c81762428c08189eb3068a3) Importer(815301076,1909f56bfc062723c751e8b465ee728b)  -> (artifact id: '5f7eac81bc589087732a4e53197078d5') in 0.014164 seconds
  Import took 0.032116 seconds .

========================================================================
Received Import Request.
  Time since last request: 71.654629 seconds.
  path: Assets/Scripts/Template/Scriptable/SavesDataObject.cs
  artifactKey: Guid(6dd8f8dd7c81762428c08189eb3068a3) Importer(815301076,1909f56bfc062723c751e8b465ee728b)
Start importing Assets/Scripts/Template/Scriptable/SavesDataObject.cs using Guid(6dd8f8dd7c81762428c08189eb3068a3) Importer(815301076,1909f56bfc062723c751e8b465ee728b)  -> (artifact id: 'acd174b94882797f431ecbb9e3821fba') in 0.015197 seconds
  Import took 0.027275 seconds .

========================================================================
Received Import Request.
  Time since last request: 0.005090 seconds.
  path: Assets/Scripts/Template/Scriptable/SavesDataObject.cs
  artifactKey: Guid(6dd8f8dd7c81762428c08189eb3068a3) Importer(815301076,1909f56bfc062723c751e8b465ee728b)
Start importing Assets/Scripts/Template/Scriptable/SavesDataObject.cs using Guid(6dd8f8dd7c81762428c08189eb3068a3) Importer(815301076,1909f56bfc062723c751e8b465ee728b)  -> (artifact id: 'acd174b94882797f431ecbb9e3821fba') in 0.015112 seconds
  Import took 0.022060 seconds .

========================================================================
Received Prepare
Registering precompiled user dll's ...
Registered in 0.008605 seconds.
Begin MonoManager ReloadAssembly
Native extension for WindowsStandalone target not found
Refreshing native plugins compatible for Editor in 0.76 ms, found 2 plugins.
Preloading 0 native plugins for Editor in 0.00 ms.
Mono: successfully reloaded assembly
- Completed reload, in  2.775 seconds
Platform modules already initialized, skipping
Refreshing native plugins compatible for Editor in 0.74 ms, found 2 plugins.
Preloading 0 native plugins for Editor in 0.00 ms.
Unloading 1438 Unused Serialized files (Serialized files now loaded: 0)
System memory in use before: 89.5 MB.
System memory in use after: 89.6 MB.

Unloading 17 unused Assets to reduce memory usage. Loaded Objects now: 1945.
Total: 8.395200 ms (FindLiveObjects: 0.501700 ms CreateObjectMapping: 0.100300 ms MarkObjects: 6.604200 ms  DeleteObjects: 1.185900 ms)

========================================================================
Received Import Request.
  Time since last request: 236.190104 seconds.
  path: Assets/Prefabs/Canvas.prefab
  artifactKey: Guid(93c1f840ab8d52144a21145685ef2058) Importer(815301076,1909f56bfc062723c751e8b465ee728b)
Start importing Assets/Prefabs/Canvas.prefab using Guid(93c1f840ab8d52144a21145685ef2058) Importer(815301076,1909f56bfc062723c751e8b465ee728b)  -> (artifact id: 'f19e65a484f7856a91658618f24db970') in 0.533381 seconds
  Import took 0.540987 seconds .

========================================================================
Received Prepare
Registering precompiled user dll's ...
Registered in 0.005564 seconds.
Begin MonoManager ReloadAssembly
Native extension for WindowsStandalone target not found
Refreshing native plugins compatible for Editor in 0.74 ms, found 2 plugins.
Preloading 0 native plugins for Editor in 0.00 ms.
Mono: successfully reloaded assembly
- Completed reload, in  2.607 seconds
Platform modules already initialized, skipping
Refreshing native plugins compatible for Editor in 0.76 ms, found 2 plugins.
Preloading 0 native plugins for Editor in 0.00 ms.
Unloading 1438 Unused Serialized files (Serialized files now loaded: 0)
System memory in use before: 89.6 MB.
System memory in use after: 89.6 MB.

Unloading 17 unused Assets to reduce memory usage. Loaded Objects now: 1948.
Total: 19.095600 ms (FindLiveObjects: 0.779600 ms CreateObjectMapping: 0.657900 ms MarkObjects: 17.431900 ms  DeleteObjects: 0.223300 ms)

========================================================================
Received Prepare
Registering precompiled user dll's ...
Registered in 0.005990 seconds.
Begin MonoManager ReloadAssembly
Native extension for WindowsStandalone target not found
Refreshing native plugins compatible for Editor in 0.87 ms, found 2 plugins.
Preloading 0 native plugins for Editor in 0.00 ms.
Mono: successfully reloaded assembly
- Completed reload, in  3.493 seconds
Platform modules already initialized, skipping
Refreshing native plugins compatible for Editor in 2.30 ms, found 2 plugins.
Preloading 0 native plugins for Editor in 0.00 ms.
Unloading 1438 Unused Serialized files (Serialized files now loaded: 0)
System memory in use before: 89.6 MB.
System memory in use after: 89.6 MB.

Unloading 16 unused Assets to reduce memory usage. Loaded Objects now: 1951.
Total: 4.706100 ms (FindLiveObjects: 0.489000 ms CreateObjectMapping: 0.095700 ms MarkObjects: 3.884600 ms  DeleteObjects: 0.233800 ms)

========================================================================
Received Import Request.
  Time since last request: 186.731719 seconds.
  path: Assets/Prefabs/Canvas.prefab
  artifactKey: Guid(93c1f840ab8d52144a21145685ef2058) Importer(815301076,1909f56bfc062723c751e8b465ee728b)
Start importing Assets/Prefabs/Canvas.prefab using Guid(93c1f840ab8d52144a21145685ef2058) Importer(815301076,1909f56bfc062723c751e8b465ee728b)  -> (artifact id: 'dc56e4a0ae5c09231556396447007a55') in 0.541240 seconds
  Import took 0.560001 seconds .

========================================================================
Received Import Request.
  Time since last request: 12.118264 seconds.
  path: Assets/Prefabs/Canvas.prefab
  artifactKey: Guid(93c1f840ab8d52144a21145685ef2058) Importer(815301076,1909f56bfc062723c751e8b465ee728b)
Start importing Assets/Prefabs/Canvas.prefab using Guid(93c1f840ab8d52144a21145685ef2058) Importer(815301076,1909f56bfc062723c751e8b465ee728b)  -> (artifact id: '18b020eea342953df5cf548284ad3c7d') in 0.251420 seconds
  Import took 0.276948 seconds .

========================================================================
Received Import Request.
  Time since last request: 130.568718 seconds.
  path: Assets/Prefabs/Canvas.prefab
  artifactKey: Guid(93c1f840ab8d52144a21145685ef2058) Importer(815301076,1909f56bfc062723c751e8b465ee728b)
Start importing Assets/Prefabs/Canvas.prefab using Guid(93c1f840ab8d52144a21145685ef2058) Importer(815301076,1909f56bfc062723c751e8b465ee728b)  -> (artifact id: '320a153a7945b71ad8a1917b9534dcae') in 0.257744 seconds
  Import took 0.303597 seconds .

========================================================================
Received Prepare
Registering precompiled user dll's ...
Registered in 0.005504 seconds.
Begin MonoManager ReloadAssembly
Native extension for WindowsStandalone target not found
Refreshing native plugins compatible for Editor in 0.83 ms, found 2 plugins.
Preloading 0 native plugins for Editor in 0.00 ms.
Mono: successfully reloaded assembly
- Completed reload, in  2.439 seconds
Platform modules already initialized, skipping
Refreshing native plugins compatible for Editor in 1.32 ms, found 2 plugins.
Preloading 0 native plugins for Editor in 0.00 ms.
Unloading 1438 Unused Serialized files (Serialized files now loaded: 0)
System memory in use before: 89.6 MB.
System memory in use after: 89.7 MB.

Unloading 17 unused Assets to reduce memory usage. Loaded Objects now: 1954.
Total: 5.748200 ms (FindLiveObjects: 0.506700 ms CreateObjectMapping: 0.108300 ms MarkObjects: 4.872900 ms  DeleteObjects: 0.257100 ms)

========================================================================
Received Prepare
Registering precompiled user dll's ...
Registered in 0.009773 seconds.
Begin MonoManager ReloadAssembly
Native extension for WindowsStandalone target not found
Refreshing native plugins compatible for Editor in 0.84 ms, found 2 plugins.
Preloading 0 native plugins for Editor in 0.00 ms.
Mono: successfully reloaded assembly
- Completed reload, in 11.320 seconds
Platform modules already initialized, skipping
Refreshing native plugins compatible for Editor in 0.79 ms, found 2 plugins.
Preloading 0 native plugins for Editor in 0.00 ms.
Unloading 1438 Unused Serialized files (Serialized files now loaded: 0)
System memory in use before: 89.6 MB.
System memory in use after: 89.7 MB.

Unloading 16 unused Assets to reduce memory usage. Loaded Objects now: 1957.
Total: 4.802700 ms (FindLiveObjects: 0.504500 ms CreateObjectMapping: 0.101000 ms MarkObjects: 3.913800 ms  DeleteObjects: 0.279700 ms)

AssetImportWorkerClient::OnTransportError - code=2 error=End of file
