Using pre-set license
Built from '2020.3/staging' branch; Version is '2020.3.10f1 (297d780c91bc) revision 2719096'; Using compiler version '192528614'; Build Type 'Release'
OS: 'Windows 10 Pro; OS build 19042.1165; Version 2009; 64bit' Language: 'ru' Physical Memory: 8190 MB
BatchMode: 1, IsHumanControllingUs: 0, StartBugReporterOnCrash: 0, Is64bit: 1, IsPro: 0

 COMMAND LINE ARGUMENTS:
E:\UNITYEDITORS\2020.3.10f1\Editor\Unity.exe
-adb2
-batchMode
-noUpm
-name
AssetImportWorker1
-projectPath
D:/Unity Projects/Project-Desing-Template
-logFile
Logs/AssetImportWorker1.log
-srvPort
50695
Successfully changed project path to: D:/Unity Projects/Project-Desing-Template
D:/Unity Projects/Project-Desing-Template
Using Asset Import Pipeline V2.
Refreshing native plugins compatible for Editor in 83.99 ms, found 2 plugins.
Preloading 0 native plugins for Editor in 0.00 ms.
Initialize engine version: 2020.3.10f1 (297d780c91bc)
[Subsystems] Discovering subsystems at path E:/UNITYEDITORS/2020.3.10f1/Editor/Data/Resources/UnitySubsystems
[Subsystems] Discovering subsystems at path D:/Unity Projects/Project-Desing-Template/Assets
GfxDevice: creating device client; threaded=0
Direct3D:
    Version:  Direct3D 11.0 [level 11.0]
    Renderer: AMD Radeon HD 6700 Series (ID=0x68ba)
    Vendor:   
    VRAM:     1010 MB
    Driver:   15.201.1151.1008
Initialize mono
Mono path[0] = 'E:/UNITYEDITORS/2020.3.10f1/Editor/Data/Managed'
Mono path[1] = 'E:/UNITYEDITORS/2020.3.10f1/Editor/Data/MonoBleedingEdge/lib/mono/unityjit'
Mono config path = 'E:/UNITYEDITORS/2020.3.10f1/Editor/Data/MonoBleedingEdge/etc'
Using monoOptions --debugger-agent=transport=dt_socket,embedding=1,server=y,suspend=n,address=127.0.0.1:56084
Begin MonoManager ReloadAssembly
Registering precompiled unity dll's ...
Register platform support module: E:/UNITYEDITORS/2020.3.10f1/Editor/Data/PlaybackEngines/WindowsStandaloneSupport/UnityEditor.WindowsStandalone.Extensions.dll
Registered in 0.002097 seconds.
Native extension for WindowsStandalone target not found
Refreshing native plugins compatible for Editor in 87.56 ms, found 2 plugins.
Preloading 0 native plugins for Editor in 0.00 ms.
Mono: successfully reloaded assembly
- Completed reload, in  5.424 seconds
Platform modules already initialized, skipping
Registering precompiled user dll's ...
Registered in 0.005141 seconds.
Begin MonoManager ReloadAssembly
Native extension for WindowsStandalone target not found
Refreshing native plugins compatible for Editor in 0.75 ms, found 2 plugins.
Preloading 0 native plugins for Editor in 0.00 ms.
Mono: successfully reloaded assembly
- Completed reload, in  2.983 seconds
Platform modules already initialized, skipping
========================================================================
Worker process is ready to serve import requests
Launched and connected shader compiler UnityShaderCompiler.exe after 0.22 seconds
Refreshing native plugins compatible for Editor in 0.86 ms, found 2 plugins.
Preloading 0 native plugins for Editor in 0.00 ms.
Unloading 1502 Unused Serialized files (Serialized files now loaded: 0)
System memory in use before: 94.5 MB.
System memory in use after: 94.5 MB.

Unloading 21 unused Assets to reduce memory usage. Loaded Objects now: 1936.
Total: 4.803700 ms (FindLiveObjects: 0.618900 ms CreateObjectMapping: 0.115400 ms MarkObjects: 3.788000 ms  DeleteObjects: 0.278100 ms)

========================================================================
Received Import Request.
  path: Assets/Animations/UI
  artifactKey: Guid(b4de516611e15484cbb5ea14dd937c93) Importer(815301076,1909f56bfc062723c751e8b465ee728b)
Start importing Assets/Animations/UI using Guid(b4de516611e15484cbb5ea14dd937c93) Importer(815301076,1909f56bfc062723c751e8b465ee728b)  -> (artifact id: '56741312a0856f8273530ec19fff0836') in 0.009694 seconds
  Import took 0.015545 seconds .

========================================================================
Received Import Request.
  Time since last request: 32.902737 seconds.
  path: Assets/Prefabs/Canvas.prefab
  artifactKey: Guid(93c1f840ab8d52144a21145685ef2058) Importer(815301076,1909f56bfc062723c751e8b465ee728b)
Start importing Assets/Prefabs/Canvas.prefab using Guid(93c1f840ab8d52144a21145685ef2058) Importer(815301076,1909f56bfc062723c751e8b465ee728b)  -> (artifact id: '14891e929d6f59a2efe046a5a78e465a') in 0.276076 seconds
  Import took 0.290265 seconds .

========================================================================
Received Import Request.
  Time since last request: 116.065564 seconds.
  path: Assets/Prefabs/Canvas.prefab
  artifactKey: Guid(93c1f840ab8d52144a21145685ef2058) Importer(815301076,1909f56bfc062723c751e8b465ee728b)
Start importing Assets/Prefabs/Canvas.prefab using Guid(93c1f840ab8d52144a21145685ef2058) Importer(815301076,1909f56bfc062723c751e8b465ee728b)  -> (artifact id: '722c98136fb5a40b4d1440e059258bab') in 0.102050 seconds
  Import took 0.117902 seconds .

========================================================================
Received Prepare
Registering precompiled user dll's ...
Registered in 0.011231 seconds.
Begin MonoManager ReloadAssembly
Native extension for WindowsStandalone target not found
Refreshing native plugins compatible for Editor in 0.82 ms, found 2 plugins.
Preloading 0 native plugins for Editor in 0.00 ms.
Mono: successfully reloaded assembly
- Completed reload, in  2.828 seconds
Platform modules already initialized, skipping
Refreshing native plugins compatible for Editor in 0.73 ms, found 2 plugins.
Preloading 0 native plugins for Editor in 0.00 ms.
Unloading 1433 Unused Serialized files (Serialized files now loaded: 0)
System memory in use before: 88.1 MB.
System memory in use after: 88.1 MB.

Unloading 17 unused Assets to reduce memory usage. Loaded Objects now: 1939.
Total: 5.130000 ms (FindLiveObjects: 0.539900 ms CreateObjectMapping: 0.106200 ms MarkObjects: 3.944600 ms  DeleteObjects: 0.535400 ms)

========================================================================
Received Prepare
Registering precompiled user dll's ...
Registered in 0.005437 seconds.
Begin MonoManager ReloadAssembly
Native extension for WindowsStandalone target not found
Refreshing native plugins compatible for Editor in 0.77 ms, found 2 plugins.
Preloading 0 native plugins for Editor in 0.00 ms.
Mono: successfully reloaded assembly
- Completed reload, in  2.696 seconds
Platform modules already initialized, skipping
Refreshing native plugins compatible for Editor in 0.89 ms, found 2 plugins.
Preloading 0 native plugins for Editor in 0.00 ms.
Unloading 1433 Unused Serialized files (Serialized files now loaded: 0)
System memory in use before: 88.1 MB.
System memory in use after: 88.2 MB.

Unloading 16 unused Assets to reduce memory usage. Loaded Objects now: 1942.
Total: 4.672600 ms (FindLiveObjects: 0.478500 ms CreateObjectMapping: 0.100300 ms MarkObjects: 3.859200 ms  DeleteObjects: 0.231200 ms)

========================================================================
Received Import Request.
  Time since last request: 54.466661 seconds.
  path: Assets/Prefabs/Canvas.prefab
  artifactKey: Guid(93c1f840ab8d52144a21145685ef2058) Importer(815301076,1909f56bfc062723c751e8b465ee728b)
Start importing Assets/Prefabs/Canvas.prefab using Guid(93c1f840ab8d52144a21145685ef2058) Importer(815301076,1909f56bfc062723c751e8b465ee728b)  -> (artifact id: '39da67c6ddfa44a753b18f3b27355287') in 0.296549 seconds
  Import took 0.301889 seconds .

